[24/06/2023 10:53:58 CH] [WARNING] mysql_connect: no password specified
[24/06/2023 10:59:18 CH] [ERROR] cache_get_value_name_int: value 'NULL' is not a number
[24/06/2023 10:59:43 CH] [ERROR] mysql_tquery: callback error: parameter count does not match format specifier length
[24/06/2023 11:07:26 CH] [WARNING] mysql_connect: no password specified
[24/06/2023 11:09:48 CH] [ERROR] cache_get_value_name_int: value 'NULL' is not a number
[24/06/2023 11:18:16 CH] [WARNING] mysql_connect: no password specified
[24/06/2023 11:18:52 CH] [ERROR] cache_get_value_name_int: value 'NULL' is not a number
[24/06/2023 11:22:18 CH] [WARNING] mysql_connect: no password specified
[24/06/2023 11:22:42 CH] [ERROR] cache_get_value_name_int: value 'NULL' is not a number
[24/06/2023 11:33:26 CH] [WARNING] mysql_connect: no password specified
[24/06/2023 11:33:48 CH] [ERROR] cache_get_value_name_int: value 'NULL' is not a number
[24/06/2023 11:38:05 CH] [WARNING] mysql_connect: no password specified
[24/06/2023 11:39:49 CH] [ERROR] error #1064 while executing query "INSERT INTO `biz` SET `id` = '0' `Name` = 'VIP VCL', `Type` = '1', `ExPosX` = '1778.759033', `ExPosY` = '-1897.112670', `ExPosZ` = '13.399156'": You have an error in your SQL syntax; check the manual that corresponds to your MariaDB server version for the right syntax to use near '`Name` = 'VIP VCL', `Type` = '1', `ExPosX` = '1778.759033', `ExPosY` = '-1897...' at line 1
[24/06/2023 11:43:08 CH] [WARNING] mysql_connect: no password specified
[24/06/2023 11:43:34 CH] [ERROR] cache_get_value_name_int: value 'NULL' is not a number
[24/06/2023 11:45:54 CH] [ERROR] cache_get_value_name_float: value 'NULL' is not a number
[24/06/2023 11:45:54 CH] [ERROR] cache_get_value_name_float: value 'NULL' is not a number
[24/06/2023 11:45:54 CH] [ERROR] cache_get_value_name_float: value 'NULL' is not a number
[25/06/2023 12:05:25 SA] [WARNING] mysql_connect: no password specified
[25/06/2023 12:05:52 SA] [ERROR] cache_get_value_name_int: value 'NULL' is not a number
[25/06/2023 12:06:53 SA] [ERROR] cache_get_value_name_int: invalid row index '2' (number of rows: '1')
[25/06/2023 12:06:53 SA] [ERROR] cache_get_value_name: invalid row index '2' (number of rows: '1')
[25/06/2023 12:06:53 SA] [ERROR] cache_get_value_name_float: invalid row index '2' (number of rows: '1')
[25/06/2023 12:06:53 SA] [ERROR] cache_get_value_name_float: invalid row index '2' (number of rows: '1')
[25/06/2023 12:06:53 SA] [ERROR] cache_get_value_name_float: invalid row index '2' (number of rows: '1')
[25/06/2023 12:06:53 SA] [ERROR] cache_get_value_name_float: invalid row index '2' (number of rows: '1')
[25/06/2023 12:06:53 SA] [ERROR] cache_get_value_name_float: invalid row index '2' (number of rows: '1')
[25/06/2023 12:06:53 SA] [ERROR] cache_get_value_name_float: invalid row index '2' (number of rows: '1')
[25/06/2023 12:06:53 SA] [ERROR] cache_get_value_name_int: invalid row index '2' (number of rows: '1')
[25/06/2023 12:06:53 SA] [ERROR] cache_get_value_name_int: invalid row index '2' (number of rows: '1')
[25/06/2023 12:06:53 SA] [ERROR] cache_get_value_name: invalid row index '2' (number of rows: '1')
[25/06/2023 12:06:53 SA] [ERROR] cache_get_value_name_int: invalid row index '2' (number of rows: '1')
[25/06/2023 12:06:53 SA] [ERROR] cache_get_value_name_int: invalid row index '2' (number of rows: '1')
[25/06/2023 12:06:53 SA] [ERROR] cache_get_value_name_int: invalid row index '2' (number of rows: '1')
[25/06/2023 12:06:53 SA] [ERROR] cache_get_value_name_int: invalid row index '2' (number of rows: '1')
[25/06/2023 12:06:53 SA] [ERROR] cache_get_value_name_int: invalid row index '2' (number of rows: '1')
[25/06/2023 12:06:53 SA] [ERROR] cache_get_value_name_int: invalid row index '2' (number of rows: '1')
[25/06/2023 12:19:17 SA] [WARNING] mysql_connect: no password specified
[25/06/2023 12:19:49 SA] [ERROR] cache_get_value_name_int: value 'NULL' is not a number
[25/06/2023 12:20:52 SA] [ERROR] cache_get_value_name_float: value 'NULL' is not a number
[25/06/2023 12:20:52 SA] [ERROR] cache_get_value_name_float: value 'NULL' is not a number
[25/06/2023 12:20:52 SA] [ERROR] cache_get_value_name_float: value 'NULL' is not a number
[25/06/2023 12:36:21 SA] [WARNING] mysql_connect: no password specified
[25/06/2023 12:36:22 SA] [ERROR] cache_get_value_name_float: value 'NULL' is not a number
[25/06/2023 12:36:22 SA] [ERROR] cache_get_value_name_float: value 'NULL' is not a number
[25/06/2023 12:36:22 SA] [ERROR] cache_get_value_name_float: value 'NULL' is not a number
[25/06/2023 12:37:09 SA] [ERROR] cache_get_value_name_int: value 'NULL' is not a number
[25/06/2023 12:37:41 SA] [ERROR] cache_get_value_name_int: invalid row index '1' (number of rows: '1')
[25/06/2023 12:37:41 SA] [ERROR] cache_get_value_name: invalid row index '1' (number of rows: '1')
[25/06/2023 12:37:41 SA] [ERROR] cache_get_value_name_float: invalid row index '1' (number of rows: '1')
[25/06/2023 12:37:41 SA] [ERROR] cache_get_value_name_float: invalid row index '1' (number of rows: '1')
[25/06/2023 12:37:41 SA] [ERROR] cache_get_value_name_float: invalid row index '1' (number of rows: '1')
[25/06/2023 12:37:41 SA] [ERROR] cache_get_value_name_float: invalid row index '1' (number of rows: '1')
[25/06/2023 12:37:41 SA] [ERROR] cache_get_value_name_float: invalid row index '1' (number of rows: '1')
[25/06/2023 12:37:41 SA] [ERROR] cache_get_value_name_float: invalid row index '1' (number of rows: '1')
[25/06/2023 12:37:41 SA] [ERROR] cache_get_value_name_int: invalid row index '1' (number of rows: '1')
[25/06/2023 12:37:41 SA] [ERROR] cache_get_value_name_int: invalid row index '1' (number of rows: '1')
[25/06/2023 12:37:41 SA] [ERROR] cache_get_value_name: invalid row index '1' (number of rows: '1')
[25/06/2023 12:37:41 SA] [ERROR] cache_get_value_name_int: invalid row index '1' (number of rows: '1')
[25/06/2023 12:37:41 SA] [ERROR] cache_get_value_name_int: invalid row index '1' (number of rows: '1')
[25/06/2023 12:37:41 SA] [ERROR] cache_get_value_name_int: invalid row index '1' (number of rows: '1')
[25/06/2023 12:37:41 SA] [ERROR] cache_get_value_name_int: invalid row index '1' (number of rows: '1')
[25/06/2023 12:37:41 SA] [ERROR] cache_get_value_name_int: invalid row index '1' (number of rows: '1')
[25/06/2023 12:37:41 SA] [ERROR] cache_get_value_name_int: invalid row index '1' (number of rows: '1')
[25/06/2023 1:03:41 SA] [ERROR] cache_get_value_name_int: value 'NULL' is not a number
[25/06/2023 1:04:57 SA] [ERROR] cache_get_value_name_int: value 'NULL' is not a number
[25/06/2023 2:00:52 CH] [WARNING] mysql_connect: no password specified
[25/06/2023 2:00:53 CH] [ERROR] cache_get_value_name_float: value 'NULL' is not a number
[25/06/2023 2:00:53 CH] [ERROR] cache_get_value_name_float: value 'NULL' is not a number
[25/06/2023 2:00:53 CH] [ERROR] cache_get_value_name_float: value 'NULL' is not a number
[25/06/2023 2:00:53 CH] [ERROR] cache_get_value_name_float: value 'NULL' is not a number
[25/06/2023 2:00:53 CH] [ERROR] cache_get_value_name_float: value 'NULL' is not a number
[25/06/2023 2:00:53 CH] [ERROR] cache_get_value_name_float: value 'NULL' is not a number
[25/06/2023 2:16:54 CH] [ERROR] cache_get_value_name_int: value 'NULL' is not a number
[25/06/2023 5:06:31 CH] [WARNING] mysql_connect: no password specified
[25/06/2023 5:06:31 CH] [ERROR] cache_get_value_name_float: value 'NULL' is not a number
[25/06/2023 5:06:31 CH] [ERROR] cache_get_value_name_float: value 'NULL' is not a number
[25/06/2023 5:06:31 CH] [ERROR] cache_get_value_name_float: value 'NULL' is not a number
[25/06/2023 5:06:31 CH] [ERROR] cache_get_value_name_float: value 'NULL' is not a number
[25/06/2023 5:06:31 CH] [ERROR] cache_get_value_name_float: value 'NULL' is not a number
[25/06/2023 5:06:31 CH] [ERROR] cache_get_value_name_float: value 'NULL' is not a number
[25/06/2023 5:07:05 CH] [ERROR] cache_get_value_name_int: value 'NULL' is not a number
[25/06/2023 5:12:07 CH] [WARNING] mysql_connect: no password specified
[25/06/2023 5:12:07 CH] [ERROR] cache_get_value_name_float: value 'NULL' is not a number
[25/06/2023 5:12:07 CH] [ERROR] cache_get_value_name_float: value 'NULL' is not a number
[25/06/2023 5:12:07 CH] [ERROR] cache_get_value_name_float: value 'NULL' is not a number
[25/06/2023 5:12:07 CH] [ERROR] cache_get_value_name_float: value 'NULL' is not a number
[25/06/2023 5:12:07 CH] [ERROR] cache_get_value_name_float: value 'NULL' is not a number
[25/06/2023 5:12:07 CH] [ERROR] cache_get_value_name_float: value 'NULL' is not a number
[25/06/2023 5:12:50 CH] [ERROR] cache_get_value_name_int: value 'NULL' is not a number
[25/06/2023 5:15:07 CH] [WARNING] mysql_connect: no password specified
[25/06/2023 5:15:07 CH] [ERROR] cache_get_value_name_float: value 'NULL' is not a number
[25/06/2023 5:15:07 CH] [ERROR] cache_get_value_name_float: value 'NULL' is not a number
[25/06/2023 5:15:07 CH] [ERROR] cache_get_value_name_float: value 'NULL' is not a number
[25/06/2023 5:15:07 CH] [ERROR] cache_get_value_name_float: value 'NULL' is not a number
[25/06/2023 5:15:07 CH] [ERROR] cache_get_value_name_float: value 'NULL' is not a number
[25/06/2023 5:15:07 CH] [ERROR] cache_get_value_name_float: value 'NULL' is not a number
[25/06/2023 5:15:33 CH] [ERROR] cache_get_value_name_int: value 'NULL' is not a number
[25/06/2023 5:17:48 CH] [WARNING] mysql_connect: no password specified
[25/06/2023 5:17:48 CH] [ERROR] cache_get_value_name_float: value 'NULL' is not a number
[25/06/2023 5:17:48 CH] [ERROR] cache_get_value_name_float: value 'NULL' is not a number
[25/06/2023 5:17:48 CH] [ERROR] cache_get_value_name_float: value 'NULL' is not a number
[25/06/2023 5:17:48 CH] [ERROR] cache_get_value_name_float: value 'NULL' is not a number
[25/06/2023 5:17:48 CH] [ERROR] cache_get_value_name_float: value 'NULL' is not a number
[25/06/2023 5:17:48 CH] [ERROR] cache_get_value_name_float: value 'NULL' is not a number
[25/06/2023 5:19:03 CH] [ERROR] cache_get_value_name_int: value 'NULL' is not a number
[25/06/2023 5:23:10 CH] [WARNING] mysql_connect: no password specified
[25/06/2023 5:23:10 CH] [ERROR] cache_get_value_name_float: value 'NULL' is not a number
[25/06/2023 5:23:10 CH] [ERROR] cache_get_value_name_float: value 'NULL' is not a number
[25/06/2023 5:23:10 CH] [ERROR] cache_get_value_name_float: value 'NULL' is not a number
[25/06/2023 5:23:10 CH] [ERROR] cache_get_value_name_float: value 'NULL' is not a number
[25/06/2023 5:23:10 CH] [ERROR] cache_get_value_name_float: value 'NULL' is not a number
[25/06/2023 5:23:10 CH] [ERROR] cache_get_value_name_float: value 'NULL' is not a number
[25/06/2023 5:24:10 CH] [ERROR] cache_get_value_name_int: value 'NULL' is not a number
[25/06/2023 5:26:20 CH] [WARNING] mysql_connect: no password specified
[25/06/2023 5:26:20 CH] [ERROR] cache_get_value_name_float: value 'NULL' is not a number
[25/06/2023 5:26:20 CH] [ERROR] cache_get_value_name_float: value 'NULL' is not a number
[25/06/2023 5:26:20 CH] [ERROR] cache_get_value_name_float: value 'NULL' is not a number
[25/06/2023 5:26:20 CH] [ERROR] cache_get_value_name_float: value 'NULL' is not a number
[25/06/2023 5:26:20 CH] [ERROR] cache_get_value_name_float: value 'NULL' is not a number
[25/06/2023 5:26:20 CH] [ERROR] cache_get_value_name_float: value 'NULL' is not a number
[25/06/2023 5:26:59 CH] [ERROR] cache_get_value_name_int: value 'NULL' is not a number
[25/06/2023 5:28:44 CH] [WARNING] mysql_connect: no password specified
[25/06/2023 5:28:44 CH] [ERROR] cache_get_value_name_float: value 'NULL' is not a number
[25/06/2023 5:28:44 CH] [ERROR] cache_get_value_name_float: value 'NULL' is not a number
[25/06/2023 5:28:44 CH] [ERROR] cache_get_value_name_float: value 'NULL' is not a number
[25/06/2023 5:28:44 CH] [ERROR] cache_get_value_name_float: value 'NULL' is not a number
[25/06/2023 5:28:44 CH] [ERROR] cache_get_value_name_float: value 'NULL' is not a number
[25/06/2023 5:28:44 CH] [ERROR] cache_get_value_name_float: value 'NULL' is not a number
[25/06/2023 5:29:05 CH] [ERROR] cache_get_value_name_int: value 'NULL' is not a number
